2022-10-17 11:06:52.221  INFO 2060 --- [restartedMain] c.e.l.LoginRetgisterApplication          : Starting LoginRetgisterApplication using Java 17.0.2 on DESKTOP-QB5QB4L with PID 2060 (C:\Users\Admin\IdeaProjects\login_retgister\target\classes started by Admin in C:\Users\Admin\IdeaProjects\login_retgister)
2022-10-17 11:06:52.227  INFO 2060 --- [restartedMain] c.e.l.LoginRetgisterApplication          : No active profile set, falling back to 1 default profile: "default"
2022-10-17 11:06:52.290  INFO 2060 --- [restartedMain] .e.DevToolsPropertyDefaultsPostProcessor : Devtools property defaults active! Set 'spring.devtools.add-properties' to 'false' to disable
2022-10-17 11:06:52.290  INFO 2060 --- [restartedMain] .e.DevToolsPropertyDefaultsPostProcessor : For additional web related logging consider setting the 'logging.level.web' property to 'DEBUG'
2022-10-17 11:06:53.220  INFO 2060 --- [restartedMain] .s.d.r.c.RepositoryConfigurationDelegate : Bootstrapping Spring Data JPA repositories in DEFAULT mode.
2022-10-17 11:06:53.289  INFO 2060 --- [restartedMain] .s.d.r.c.RepositoryConfigurationDelegate : Finished Spring Data repository scanning in 59 ms. Found 4 JPA repository interfaces.
2022-10-17 11:06:53.942  INFO 2060 --- [restartedMain] o.s.b.w.embedded.tomcat.TomcatWebServer  : Tomcat initialized with port(s): 8090 (http)
2022-10-17 11:06:53.953  INFO 2060 --- [restartedMain] o.apache.catalina.core.StandardService   : Starting service [Tomcat]
2022-10-17 11:06:53.953  INFO 2060 --- [restartedMain] org.apache.catalina.core.StandardEngine  : Starting Servlet engine: [Apache Tomcat/9.0.65]
2022-10-17 11:06:54.020  INFO 2060 --- [restartedMain] o.a.c.c.C.[Tomcat].[localhost].[/]       : Initializing Spring embedded WebApplicationContext
2022-10-17 11:06:54.020  INFO 2060 --- [restartedMain] w.s.c.ServletWebServerApplicationContext : Root WebApplicationContext: initialization completed in 1730 ms
2022-10-17 11:06:54.088  WARN 2060 --- [restartedMain] o.a.c.c.C.[Tomcat].[localhost].[/]       : Cannot deserialize session attribute [SPRING_SECURITY_CONTEXT] for session [CCD59CF8279DF9CF2103FF7D8EE35B05]
2022-10-17 11:06:54.253  INFO 2060 --- [restartedMain] o.f.c.internal.license.VersionPrinter    : Flyway Community Edition 8.5.13 by Redgate
2022-10-17 11:06:54.253  INFO 2060 --- [restartedMain] o.f.c.internal.license.VersionPrinter    : See what's new here: https://flywaydb.org/documentation/learnmore/releaseNotes#8.5.13
2022-10-17 11:06:54.253  INFO 2060 --- [restartedMain] o.f.c.internal.license.VersionPrinter    : 
2022-10-17 11:06:54.262  INFO 2060 --- [restartedMain] com.zaxxer.hikari.HikariDataSource       : HikariPool-1 - Starting...
2022-10-17 11:06:54.794  INFO 2060 --- [restartedMain] com.zaxxer.hikari.HikariDataSource       : HikariPool-1 - Start completed.
2022-10-17 11:06:54.824  INFO 2060 --- [restartedMain] o.f.c.i.database.base.BaseDatabaseType   : Database: jdbc:mysql://localhost:3306/spring_demo (MySQL 8.0)
2022-10-17 11:06:54.995  INFO 2060 --- [restartedMain] o.f.core.internal.command.DbValidate     : Successfully validated 2 migrations (execution time 00:00.071s)
2022-10-17 11:06:55.010  INFO 2060 --- [restartedMain] o.f.core.internal.command.DbMigrate      : Current version of schema `spring_demo`: 0.0.2
2022-10-17 11:06:55.012  INFO 2060 --- [restartedMain] o.f.core.internal.command.DbMigrate      : Schema `spring_demo` is up to date. No migration necessary.
2022-10-17 11:06:55.159  INFO 2060 --- [restartedMain] o.hibernate.jpa.internal.util.LogHelper  : HHH000204: Processing PersistenceUnitInfo [name: default]
2022-10-17 11:06:55.220  INFO 2060 --- [restartedMain] org.hibernate.Version                    : HHH000412: Hibernate ORM core version 5.6.11.Final
2022-10-17 11:06:55.487  INFO 2060 --- [restartedMain] o.hibernate.annotations.common.Version   : HCANN000001: Hibernate Commons Annotations {5.1.2.Final}
2022-10-17 11:06:55.638  INFO 2060 --- [restartedMain] org.hibernate.dialect.Dialect            : HHH000400: Using dialect: org.hibernate.dialect.MySQL8Dialect
2022-10-17 11:06:56.336  INFO 2060 --- [restartedMain] o.h.e.t.j.p.i.JtaPlatformInitiator       : HHH000490: Using JtaPlatform implementation: [org.hibernate.engine.transaction.jta.platform.internal.NoJtaPlatform]
2022-10-17 11:06:56.343  INFO 2060 --- [restartedMain] j.LocalContainerEntityManagerFactoryBean : Initialized JPA EntityManagerFactory for persistence unit 'default'
2022-10-17 11:06:56.758  WARN 2060 --- [restartedMain] JpaBaseConfiguration$JpaWebConfiguration : spring.jpa.open-in-view is enabled by default. Therefore, database queries may be performed during view rendering. Explicitly configure spring.jpa.open-in-view to disable this warning
2022-10-17 11:06:57.137  INFO 2060 --- [restartedMain] o.s.s.web.DefaultSecurityFilterChain     : Will secure any request with [org.springframework.security.web.session.DisableEncodeUrlFilter@71b1c09d, org.springframework.security.web.context.request.async.WebAsyncManagerIntegrationFilter@7106b193, org.springframework.security.web.context.SecurityContextPersistenceFilter@cd12ecb, org.springframework.security.web.header.HeaderWriterFilter@befb4f, org.springframework.security.web.authentication.logout.LogoutFilter@4ee17eda, org.springframework.security.web.authentication.UsernamePasswordAuthenticationFilter@5a3c32b4, org.springframework.security.web.savedrequest.RequestCacheAwareFilter@6d229775, org.springframework.security.web.servletapi.SecurityContextHolderAwareRequestFilter@7f767b67, org.springframework.security.web.authentication.rememberme.RememberMeAuthenticationFilter@52116120, org.springframework.security.web.authentication.AnonymousAuthenticationFilter@5b72460c, org.springframework.security.web.session.SessionManagementFilter@55f2cf7f, org.springframework.security.web.access.ExceptionTranslationFilter@7f74d153, org.springframework.security.web.access.intercept.FilterSecurityInterceptor@438a66b2]
2022-10-17 11:06:57.324  INFO 2060 --- [restartedMain] o.s.b.d.a.OptionalLiveReloadServer       : LiveReload server is running on port 35729
2022-10-17 11:06:57.369  INFO 2060 --- [restartedMain] o.s.b.w.embedded.tomcat.TomcatWebServer  : Tomcat started on port(s): 8090 (http) with context path ''
2022-10-17 11:06:57.384  INFO 2060 --- [restartedMain] c.e.l.LoginRetgisterApplication          : Started LoginRetgisterApplication in 5.54 seconds (JVM running for 10.46)
2022-10-17 11:07:02.599  INFO 2060 --- [http-nio-8090-exec-1] o.a.c.c.C.[Tomcat].[localhost].[/]       : Initializing Spring DispatcherServlet 'dispatcherServlet'
2022-10-17 11:07:02.600  INFO 2060 --- [http-nio-8090-exec-1] o.s.web.servlet.DispatcherServlet        : Initializing Servlet 'dispatcherServlet'
2022-10-17 11:07:02.601  INFO 2060 --- [http-nio-8090-exec-1] o.s.web.servlet.DispatcherServlet        : Completed initialization in 1 ms
2022-10-17 11:07:04.176  WARN 2060 --- [http-nio-8090-exec-2] o.s.web.servlet.PageNotFound             : No mapping for GET /favicon.ico
2022-10-17 11:22:13.647  INFO 2060 --- [SpringApplicationShutdownHook] j.LocalContainerEntityManagerFactoryBean : Closing JPA EntityManagerFactory for persistence unit 'default'
2022-10-17 11:22:13.806  INFO 2060 --- [SpringApplicationShutdownHook] com.zaxxer.hikari.HikariDataSource       : HikariPool-1 - Shutdown initiated...
2022-10-17 11:22:13.903  INFO 2060 --- [SpringApplicationShutdownHook] com.zaxxer.hikari.HikariDataSource       : HikariPool-1 - Shutdown completed.
2022-10-17 11:22:26.467  INFO 23028 --- [restartedMain] c.e.l.LoginRetgisterApplication          : Starting LoginRetgisterApplication using Java 17.0.2 on DESKTOP-QB5QB4L with PID 23028 (C:\Users\Admin\IdeaProjects\login_retgister\target\classes started by Admin in C:\Users\Admin\IdeaProjects\login_retgister)
2022-10-17 11:22:26.469  INFO 23028 --- [restartedMain] c.e.l.LoginRetgisterApplication          : No active profile set, falling back to 1 default profile: "default"
2022-10-17 11:22:26.512  INFO 23028 --- [restartedMain] .e.DevToolsPropertyDefaultsPostProcessor : Devtools property defaults active! Set 'spring.devtools.add-properties' to 'false' to disable
2022-10-17 11:22:26.512  INFO 23028 --- [restartedMain] .e.DevToolsPropertyDefaultsPostProcessor : For additional web related logging consider setting the 'logging.level.web' property to 'DEBUG'
2022-10-17 11:22:28.381  INFO 23028 --- [restartedMain] .s.d.r.c.RepositoryConfigurationDelegate : Bootstrapping Spring Data JPA repositories in DEFAULT mode.
2022-10-17 11:22:28.439  INFO 23028 --- [restartedMain] .s.d.r.c.RepositoryConfigurationDelegate : Finished Spring Data repository scanning in 50 ms. Found 4 JPA repository interfaces.
2022-10-17 11:22:29.108  INFO 23028 --- [restartedMain] o.s.b.w.embedded.tomcat.TomcatWebServer  : Tomcat initialized with port(s): 8090 (http)
2022-10-17 11:22:29.117  INFO 23028 --- [restartedMain] o.apache.catalina.core.StandardService   : Starting service [Tomcat]
2022-10-17 11:22:29.118  INFO 23028 --- [restartedMain] org.apache.catalina.core.StandardEngine  : Starting Servlet engine: [Apache Tomcat/9.0.65]
2022-10-17 11:22:29.175  INFO 23028 --- [restartedMain] o.a.c.c.C.[Tomcat].[localhost].[/]       : Initializing Spring embedded WebApplicationContext
2022-10-17 11:22:29.175  INFO 23028 --- [restartedMain] w.s.c.ServletWebServerApplicationContext : Root WebApplicationContext: initialization completed in 2663 ms
2022-10-17 11:22:29.239  WARN 23028 --- [restartedMain] o.a.c.c.C.[Tomcat].[localhost].[/]       : Cannot deserialize session attribute [SPRING_SECURITY_CONTEXT] for session [3D9ABAD5457A3F8C96C5C72ED4F1032D]
2022-10-17 11:22:29.471  INFO 23028 --- [restartedMain] o.f.c.internal.license.VersionPrinter    : Flyway Community Edition 8.5.13 by Redgate
2022-10-17 11:22:29.471  INFO 23028 --- [restartedMain] o.f.c.internal.license.VersionPrinter    : See what's new here: https://flywaydb.org/documentation/learnmore/releaseNotes#8.5.13
2022-10-17 11:22:29.471  INFO 23028 --- [restartedMain] o.f.c.internal.license.VersionPrinter    : 
2022-10-17 11:22:29.480  INFO 23028 --- [restartedMain] com.zaxxer.hikari.HikariDataSource       : HikariPool-1 - Starting...
2022-10-17 11:22:29.828  INFO 23028 --- [restartedMain] com.zaxxer.hikari.HikariDataSource       : HikariPool-1 - Start completed.
2022-10-17 11:22:29.859  INFO 23028 --- [restartedMain] o.f.c.i.database.base.BaseDatabaseType   : Database: jdbc:mysql://localhost:3306/spring_demo (MySQL 8.0)
2022-10-17 11:22:29.999  INFO 23028 --- [restartedMain] o.f.core.internal.command.DbValidate     : Successfully validated 2 migrations (execution time 00:00.032s)
2022-10-17 11:22:30.010  INFO 23028 --- [restartedMain] o.f.core.internal.command.DbMigrate      : Current version of schema `spring_demo`: 0.0.2
2022-10-17 11:22:30.011  INFO 23028 --- [restartedMain] o.f.core.internal.command.DbMigrate      : Schema `spring_demo` is up to date. No migration necessary.
2022-10-17 11:22:30.142  INFO 23028 --- [restartedMain] o.hibernate.jpa.internal.util.LogHelper  : HHH000204: Processing PersistenceUnitInfo [name: default]
2022-10-17 11:22:30.196  INFO 23028 --- [restartedMain] org.hibernate.Version                    : HHH000412: Hibernate ORM core version 5.6.11.Final
2022-10-17 11:22:30.362  INFO 23028 --- [restartedMain] o.hibernate.annotations.common.Version   : HCANN000001: Hibernate Commons Annotations {5.1.2.Final}
2022-10-17 11:22:30.469  INFO 23028 --- [restartedMain] org.hibernate.dialect.Dialect            : HHH000400: Using dialect: org.hibernate.dialect.MySQL8Dialect
2022-10-17 11:22:31.006  INFO 23028 --- [restartedMain] o.h.e.t.j.p.i.JtaPlatformInitiator       : HHH000490: Using JtaPlatform implementation: [org.hibernate.engine.transaction.jta.platform.internal.NoJtaPlatform]
2022-10-17 11:22:31.012  INFO 23028 --- [restartedMain] j.LocalContainerEntityManagerFactoryBean : Initialized JPA EntityManagerFactory for persistence unit 'default'
2022-10-17 11:22:32.072  WARN 23028 --- [restartedMain] JpaBaseConfiguration$JpaWebConfiguration : spring.jpa.open-in-view is enabled by default. Therefore, database queries may be performed during view rendering. Explicitly configure spring.jpa.open-in-view to disable this warning
2022-10-17 11:22:32.424  INFO 23028 --- [restartedMain] o.s.s.web.DefaultSecurityFilterChain     : Will secure any request with [org.springframework.security.web.session.DisableEncodeUrlFilter@3dcb0bf, org.springframework.security.web.context.request.async.WebAsyncManagerIntegrationFilter@3fce7d90, org.springframework.security.web.context.SecurityContextPersistenceFilter@29178cfa, org.springframework.security.web.header.HeaderWriterFilter@737fd7bd, org.springframework.security.web.authentication.logout.LogoutFilter@6935f84b, org.springframework.security.web.authentication.UsernamePasswordAuthenticationFilter@4041a39b, org.springframework.security.web.savedrequest.RequestCacheAwareFilter@55f9fb8a, org.springframework.security.web.servletapi.SecurityContextHolderAwareRequestFilter@585e3af0, org.springframework.security.web.authentication.rememberme.RememberMeAuthenticationFilter@4013a307, org.springframework.security.web.authentication.AnonymousAuthenticationFilter@4f9174c1, org.springframework.security.web.session.SessionManagementFilter@748e5076, org.springframework.security.web.access.ExceptionTranslationFilter@224e6392, org.springframework.security.web.access.intercept.FilterSecurityInterceptor@60b0c6d4]
2022-10-17 11:22:32.606  INFO 23028 --- [restartedMain] o.s.b.d.a.OptionalLiveReloadServer       : LiveReload server is running on port 35729
2022-10-17 11:22:32.742  INFO 23028 --- [restartedMain] o.s.b.w.embedded.tomcat.TomcatWebServer  : Tomcat started on port(s): 8090 (http) with context path ''
2022-10-17 11:22:32.754  INFO 23028 --- [restartedMain] c.e.l.LoginRetgisterApplication          : Started LoginRetgisterApplication in 7.028 seconds (JVM running for 8.482)
2022-10-17 11:22:36.177  INFO 23028 --- [http-nio-8090-exec-6] o.a.c.c.C.[Tomcat].[localhost].[/]       : Initializing Spring DispatcherServlet 'dispatcherServlet'
2022-10-17 11:22:36.177  INFO 23028 --- [http-nio-8090-exec-6] o.s.web.servlet.DispatcherServlet        : Initializing Servlet 'dispatcherServlet'
2022-10-17 11:22:36.178  INFO 23028 --- [http-nio-8090-exec-6] o.s.web.servlet.DispatcherServlet        : Completed initialization in 0 ms
2022-10-17 11:23:07.055  WARN 23028 --- [http-nio-8090-exec-10] o.s.web.servlet.PageNotFound             : No mapping for POST /user/logout
2022-10-17 11:24:22.263  INFO 23028 --- [SpringApplicationShutdownHook] j.LocalContainerEntityManagerFactoryBean : Closing JPA EntityManagerFactory for persistence unit 'default'
2022-10-17 11:24:22.268  INFO 23028 --- [SpringApplicationShutdownHook] com.zaxxer.hikari.HikariDataSource       : HikariPool-1 - Shutdown initiated...
2022-10-17 11:24:22.278  INFO 23028 --- [SpringApplicationShutdownHook] com.zaxxer.hikari.HikariDataSource       : HikariPool-1 - Shutdown completed.
2022-10-17 11:24:25.404  INFO 5044 --- [restartedMain] c.e.l.LoginRetgisterApplication          : Starting LoginRetgisterApplication using Java 17.0.2 on DESKTOP-QB5QB4L with PID 5044 (C:\Users\Admin\IdeaProjects\login_retgister\target\classes started by Admin in C:\Users\Admin\IdeaProjects\login_retgister)
2022-10-17 11:24:25.406  INFO 5044 --- [restartedMain] c.e.l.LoginRetgisterApplication          : No active profile set, falling back to 1 default profile: "default"
2022-10-17 11:24:25.451  INFO 5044 --- [restartedMain] .e.DevToolsPropertyDefaultsPostProcessor : Devtools property defaults active! Set 'spring.devtools.add-properties' to 'false' to disable
2022-10-17 11:24:25.452  INFO 5044 --- [restartedMain] .e.DevToolsPropertyDefaultsPostProcessor : For additional web related logging consider setting the 'logging.level.web' property to 'DEBUG'
2022-10-17 11:24:26.072  INFO 5044 --- [restartedMain] .s.d.r.c.RepositoryConfigurationDelegate : Bootstrapping Spring Data JPA repositories in DEFAULT mode.
2022-10-17 11:24:26.129  INFO 5044 --- [restartedMain] .s.d.r.c.RepositoryConfigurationDelegate : Finished Spring Data repository scanning in 52 ms. Found 4 JPA repository interfaces.
2022-10-17 11:24:27.616  INFO 5044 --- [restartedMain] o.s.b.w.embedded.tomcat.TomcatWebServer  : Tomcat initialized with port(s): 8090 (http)
2022-10-17 11:24:27.634  INFO 5044 --- [restartedMain] o.apache.catalina.core.StandardService   : Starting service [Tomcat]
2022-10-17 11:24:27.635  INFO 5044 --- [restartedMain] org.apache.catalina.core.StandardEngine  : Starting Servlet engine: [Apache Tomcat/9.0.65]
2022-10-17 11:24:27.828  INFO 5044 --- [restartedMain] o.a.c.c.C.[Tomcat].[localhost].[/]       : Initializing Spring embedded WebApplicationContext
2022-10-17 11:24:27.829  INFO 5044 --- [restartedMain] w.s.c.ServletWebServerApplicationContext : Root WebApplicationContext: initialization completed in 2376 ms
2022-10-17 11:24:27.951  WARN 5044 --- [restartedMain] o.a.c.c.C.[Tomcat].[localhost].[/]       : Cannot deserialize session attribute [SPRING_SECURITY_CONTEXT] for session [A85CE598A2BC2445F2944A4E065ACF48]
2022-10-17 11:24:28.095  INFO 5044 --- [restartedMain] o.f.c.internal.license.VersionPrinter    : Flyway Community Edition 8.5.13 by Redgate
2022-10-17 11:24:28.095  INFO 5044 --- [restartedMain] o.f.c.internal.license.VersionPrinter    : See what's new here: https://flywaydb.org/documentation/learnmore/releaseNotes#8.5.13
2022-10-17 11:24:28.095  INFO 5044 --- [restartedMain] o.f.c.internal.license.VersionPrinter    : 
2022-10-17 11:24:28.103  INFO 5044 --- [restartedMain] com.zaxxer.hikari.HikariDataSource       : HikariPool-1 - Starting...
2022-10-17 11:24:28.418  INFO 5044 --- [restartedMain] com.zaxxer.hikari.HikariDataSource       : HikariPool-1 - Start completed.
2022-10-17 11:24:28.445  INFO 5044 --- [restartedMain] o.f.c.i.database.base.BaseDatabaseType   : Database: jdbc:mysql://localhost:3306/spring_demo (MySQL 8.0)
2022-10-17 11:24:28.486  INFO 5044 --- [restartedMain] o.f.core.internal.command.DbValidate     : Successfully validated 2 migrations (execution time 00:00.016s)
2022-10-17 11:24:28.495  INFO 5044 --- [restartedMain] o.f.core.internal.command.DbMigrate      : Current version of schema `spring_demo`: 0.0.2
2022-10-17 11:24:28.496  INFO 5044 --- [restartedMain] o.f.core.internal.command.DbMigrate      : Schema `spring_demo` is up to date. No migration necessary.
2022-10-17 11:24:28.603  INFO 5044 --- [restartedMain] o.hibernate.jpa.internal.util.LogHelper  : HHH000204: Processing PersistenceUnitInfo [name: default]
2022-10-17 11:24:28.677  INFO 5044 --- [restartedMain] org.hibernate.Version                    : HHH000412: Hibernate ORM core version 5.6.11.Final
2022-10-17 11:24:28.826  INFO 5044 --- [restartedMain] o.hibernate.annotations.common.Version   : HCANN000001: Hibernate Commons Annotations {5.1.2.Final}
2022-10-17 11:24:28.941  INFO 5044 --- [restartedMain] org.hibernate.dialect.Dialect            : HHH000400: Using dialect: org.hibernate.dialect.MySQL8Dialect
2022-10-17 11:24:29.867  INFO 5044 --- [restartedMain] o.h.e.t.j.p.i.JtaPlatformInitiator       : HHH000490: Using JtaPlatform implementation: [org.hibernate.engine.transaction.jta.platform.internal.NoJtaPlatform]
2022-10-17 11:24:29.873  INFO 5044 --- [restartedMain] j.LocalContainerEntityManagerFactoryBean : Initialized JPA EntityManagerFactory for persistence unit 'default'
2022-10-17 11:24:30.361  WARN 5044 --- [restartedMain] JpaBaseConfiguration$JpaWebConfiguration : spring.jpa.open-in-view is enabled by default. Therefore, database queries may be performed during view rendering. Explicitly configure spring.jpa.open-in-view to disable this warning
2022-10-17 11:24:30.708  INFO 5044 --- [restartedMain] o.s.s.web.DefaultSecurityFilterChain     : Will secure any request with [org.springframework.security.web.session.DisableEncodeUrlFilter@2170fb75, org.springframework.security.web.context.request.async.WebAsyncManagerIntegrationFilter@6b659b82, org.springframework.security.web.context.SecurityContextPersistenceFilter@7c9dd2a3, org.springframework.security.web.header.HeaderWriterFilter@3d78330f, org.springframework.security.web.authentication.logout.LogoutFilter@71485665, org.springframework.security.web.authentication.UsernamePasswordAuthenticationFilter@10857ee3, org.springframework.security.web.savedrequest.RequestCacheAwareFilter@5938303d, org.springframework.security.web.servletapi.SecurityContextHolderAwareRequestFilter@414d0f03, org.springframework.security.web.authentication.rememberme.RememberMeAuthenticationFilter@4df2a193, org.springframework.security.web.authentication.AnonymousAuthenticationFilter@52a5e1e7, org.springframework.security.web.session.SessionManagementFilter@1a6b1821, org.springframework.security.web.access.ExceptionTranslationFilter@77b94d54, org.springframework.security.web.access.intercept.FilterSecurityInterceptor@6b4da728]
2022-10-17 11:24:30.894  INFO 5044 --- [restartedMain] o.s.b.d.a.OptionalLiveReloadServer       : LiveReload server is running on port 35729
2022-10-17 11:24:30.930  INFO 5044 --- [restartedMain] o.s.b.w.embedded.tomcat.TomcatWebServer  : Tomcat started on port(s): 8090 (http) with context path ''
2022-10-17 11:24:30.940  INFO 5044 --- [restartedMain] c.e.l.LoginRetgisterApplication          : Started LoginRetgisterApplication in 5.905 seconds (JVM running for 6.572)
2022-10-17 11:24:41.032  INFO 5044 --- [http-nio-8090-exec-1] o.a.c.c.C.[Tomcat].[localhost].[/]       : Initializing Spring DispatcherServlet 'dispatcherServlet'
2022-10-17 11:24:41.033  INFO 5044 --- [http-nio-8090-exec-1] o.s.web.servlet.DispatcherServlet        : Initializing Servlet 'dispatcherServlet'
2022-10-17 11:24:41.034  INFO 5044 --- [http-nio-8090-exec-1] o.s.web.servlet.DispatcherServlet        : Completed initialization in 1 ms
2022-10-17 11:24:46.887  WARN 5044 --- [http-nio-8090-exec-4] o.a.c.util.SessionIdGeneratorBase        : Creation of SecureRandom instance for session ID generation using [SHA1PRNG] took [1,097] milliseconds.
2022-10-17 11:27:03.081  INFO 5044 --- [SpringApplicationShutdownHook] j.LocalContainerEntityManagerFactoryBean : Closing JPA EntityManagerFactory for persistence unit 'default'
2022-10-17 11:27:03.087  INFO 5044 --- [SpringApplicationShutdownHook] com.zaxxer.hikari.HikariDataSource       : HikariPool-1 - Shutdown initiated...
2022-10-17 11:27:03.097  INFO 5044 --- [SpringApplicationShutdownHook] com.zaxxer.hikari.HikariDataSource       : HikariPool-1 - Shutdown completed.
2022-10-17 11:27:06.188  INFO 18672 --- [restartedMain] c.e.l.LoginRetgisterApplication          : Starting LoginRetgisterApplication using Java 17.0.2 on DESKTOP-QB5QB4L with PID 18672 (C:\Users\Admin\IdeaProjects\login_retgister\target\classes started by Admin in C:\Users\Admin\IdeaProjects\login_retgister)
2022-10-17 11:27:06.189  INFO 18672 --- [restartedMain] c.e.l.LoginRetgisterApplication          : No active profile set, falling back to 1 default profile: "default"
2022-10-17 11:27:06.230  INFO 18672 --- [restartedMain] .e.DevToolsPropertyDefaultsPostProcessor : Devtools property defaults active! Set 'spring.devtools.add-properties' to 'false' to disable
2022-10-17 11:27:06.230  INFO 18672 --- [restartedMain] .e.DevToolsPropertyDefaultsPostProcessor : For additional web related logging consider setting the 'logging.level.web' property to 'DEBUG'
2022-10-17 11:27:06.788  INFO 18672 --- [restartedMain] .s.d.r.c.RepositoryConfigurationDelegate : Bootstrapping Spring Data JPA repositories in DEFAULT mode.
2022-10-17 11:27:06.862  INFO 18672 --- [restartedMain] .s.d.r.c.RepositoryConfigurationDelegate : Finished Spring Data repository scanning in 68 ms. Found 4 JPA repository interfaces.
2022-10-17 11:27:07.380  INFO 18672 --- [restartedMain] o.s.b.w.embedded.tomcat.TomcatWebServer  : Tomcat initialized with port(s): 8090 (http)
2022-10-17 11:27:07.389  INFO 18672 --- [restartedMain] o.apache.catalina.core.StandardService   : Starting service [Tomcat]
2022-10-17 11:27:07.390  INFO 18672 --- [restartedMain] org.apache.catalina.core.StandardEngine  : Starting Servlet engine: [Apache Tomcat/9.0.65]
2022-10-17 11:27:07.449  INFO 18672 --- [restartedMain] o.a.c.c.C.[Tomcat].[localhost].[/]       : Initializing Spring embedded WebApplicationContext
2022-10-17 11:27:07.450  INFO 18672 --- [restartedMain] w.s.c.ServletWebServerApplicationContext : Root WebApplicationContext: initialization completed in 1219 ms
2022-10-17 11:27:07.564  INFO 18672 --- [restartedMain] o.f.c.internal.license.VersionPrinter    : Flyway Community Edition 8.5.13 by Redgate
2022-10-17 11:27:07.564  INFO 18672 --- [restartedMain] o.f.c.internal.license.VersionPrinter    : See what's new here: https://flywaydb.org/documentation/learnmore/releaseNotes#8.5.13
2022-10-17 11:27:07.564  INFO 18672 --- [restartedMain] o.f.c.internal.license.VersionPrinter    : 
2022-10-17 11:27:07.570  INFO 18672 --- [restartedMain] com.zaxxer.hikari.HikariDataSource       : HikariPool-1 - Starting...
2022-10-17 11:27:07.880  INFO 18672 --- [restartedMain] com.zaxxer.hikari.HikariDataSource       : HikariPool-1 - Start completed.
2022-10-17 11:27:07.907  INFO 18672 --- [restartedMain] o.f.c.i.database.base.BaseDatabaseType   : Database: jdbc:mysql://localhost:3306/spring_demo (MySQL 8.0)
2022-10-17 11:27:07.944  INFO 18672 --- [restartedMain] o.f.core.internal.command.DbValidate     : Successfully validated 2 migrations (execution time 00:00.015s)
2022-10-17 11:27:07.953  INFO 18672 --- [restartedMain] o.f.core.internal.command.DbMigrate      : Current version of schema `spring_demo`: 0.0.2
2022-10-17 11:27:07.954  INFO 18672 --- [restartedMain] o.f.core.internal.command.DbMigrate      : Schema `spring_demo` is up to date. No migration necessary.
2022-10-17 11:27:08.054  INFO 18672 --- [restartedMain] o.hibernate.jpa.internal.util.LogHelper  : HHH000204: Processing PersistenceUnitInfo [name: default]
2022-10-17 11:27:08.118  INFO 18672 --- [restartedMain] org.hibernate.Version                    : HHH000412: Hibernate ORM core version 5.6.11.Final
2022-10-17 11:27:08.269  INFO 18672 --- [restartedMain] o.hibernate.annotations.common.Version   : HCANN000001: Hibernate Commons Annotations {5.1.2.Final}
2022-10-17 11:27:08.375  INFO 18672 --- [restartedMain] org.hibernate.dialect.Dialect            : HHH000400: Using dialect: org.hibernate.dialect.MySQL8Dialect
2022-10-17 11:27:08.862  INFO 18672 --- [restartedMain] o.h.e.t.j.p.i.JtaPlatformInitiator       : HHH000490: Using JtaPlatform implementation: [org.hibernate.engine.transaction.jta.platform.internal.NoJtaPlatform]
2022-10-17 11:27:08.868  INFO 18672 --- [restartedMain] j.LocalContainerEntityManagerFactoryBean : Initialized JPA EntityManagerFactory for persistence unit 'default'
2022-10-17 11:27:09.248  WARN 18672 --- [restartedMain] JpaBaseConfiguration$JpaWebConfiguration : spring.jpa.open-in-view is enabled by default. Therefore, database queries may be performed during view rendering. Explicitly configure spring.jpa.open-in-view to disable this warning
2022-10-17 11:27:09.671  INFO 18672 --- [restartedMain] o.s.s.web.DefaultSecurityFilterChain     : Will secure any request with [org.springframework.security.web.session.DisableEncodeUrlFilter@5222b312, org.springframework.security.web.context.request.async.WebAsyncManagerIntegrationFilter@2d901094, org.springframework.security.web.context.SecurityContextPersistenceFilter@3e7513dc, org.springframework.security.web.header.HeaderWriterFilter@3bae922c, org.springframework.security.web.authentication.logout.LogoutFilter@13c1aca, org.springframework.security.web.authentication.UsernamePasswordAuthenticationFilter@414d0f03, org.springframework.security.web.savedrequest.RequestCacheAwareFilter@469f1135, org.springframework.security.web.servletapi.SecurityContextHolderAwareRequestFilter@2314243f, org.springframework.security.web.authentication.rememberme.RememberMeAuthenticationFilter@6db397e6, org.springframework.security.web.authentication.AnonymousAuthenticationFilter@1a7b44a4, org.springframework.security.web.session.SessionManagementFilter@4ac4099d, org.springframework.security.web.access.ExceptionTranslationFilter@3f8dcb1b, org.springframework.security.web.access.intercept.FilterSecurityInterceptor@4a675907]
2022-10-17 11:27:09.864  INFO 18672 --- [restartedMain] o.s.b.d.a.OptionalLiveReloadServer       : LiveReload server is running on port 35729
2022-10-17 11:27:09.902  INFO 18672 --- [restartedMain] o.s.b.w.embedded.tomcat.TomcatWebServer  : Tomcat started on port(s): 8090 (http) with context path ''
2022-10-17 11:27:09.912  INFO 18672 --- [restartedMain] c.e.l.LoginRetgisterApplication          : Started LoginRetgisterApplication in 4.071 seconds (JVM running for 4.777)
2022-10-17 11:27:21.561  INFO 18672 --- [http-nio-8090-exec-1] o.a.c.c.C.[Tomcat].[localhost].[/]       : Initializing Spring DispatcherServlet 'dispatcherServlet'
2022-10-17 11:27:21.561  INFO 18672 --- [http-nio-8090-exec-1] o.s.web.servlet.DispatcherServlet        : Initializing Servlet 'dispatcherServlet'
2022-10-17 11:27:21.562  INFO 18672 --- [http-nio-8090-exec-1] o.s.web.servlet.DispatcherServlet        : Completed initialization in 1 ms
2022-10-17 11:33:20.089  INFO 18672 --- [SpringApplicationShutdownHook] j.LocalContainerEntityManagerFactoryBean : Closing JPA EntityManagerFactory for persistence unit 'default'
2022-10-17 11:33:20.190  INFO 18672 --- [SpringApplicationShutdownHook] com.zaxxer.hikari.HikariDataSource       : HikariPool-1 - Shutdown initiated...
2022-10-17 11:33:20.293  INFO 18672 --- [SpringApplicationShutdownHook] com.zaxxer.hikari.HikariDataSource       : HikariPool-1 - Shutdown completed.
2022-10-17 11:33:35.076  INFO 19324 --- [restartedMain] c.e.l.LoginRetgisterApplication          : Starting LoginRetgisterApplication using Java 17.0.2 on DESKTOP-QB5QB4L with PID 19324 (C:\Users\Admin\IdeaProjects\login_retgister\target\classes started by Admin in C:\Users\Admin\IdeaProjects\login_retgister)
2022-10-17 11:33:35.077  INFO 19324 --- [restartedMain] c.e.l.LoginRetgisterApplication          : No active profile set, falling back to 1 default profile: "default"
2022-10-17 11:33:35.118  INFO 19324 --- [restartedMain] .e.DevToolsPropertyDefaultsPostProcessor : Devtools property defaults active! Set 'spring.devtools.add-properties' to 'false' to disable
2022-10-17 11:33:35.118  INFO 19324 --- [restartedMain] .e.DevToolsPropertyDefaultsPostProcessor : For additional web related logging consider setting the 'logging.level.web' property to 'DEBUG'
2022-10-17 11:33:36.182  INFO 19324 --- [restartedMain] .s.d.r.c.RepositoryConfigurationDelegate : Bootstrapping Spring Data JPA repositories in DEFAULT mode.
2022-10-17 11:33:36.246  INFO 19324 --- [restartedMain] .s.d.r.c.RepositoryConfigurationDelegate : Finished Spring Data repository scanning in 56 ms. Found 4 JPA repository interfaces.
2022-10-17 11:33:36.920  INFO 19324 --- [restartedMain] o.s.b.w.embedded.tomcat.TomcatWebServer  : Tomcat initialized with port(s): 8090 (http)
2022-10-17 11:33:36.930  INFO 19324 --- [restartedMain] o.apache.catalina.core.StandardService   : Starting service [Tomcat]
2022-10-17 11:33:36.930  INFO 19324 --- [restartedMain] org.apache.catalina.core.StandardEngine  : Starting Servlet engine: [Apache Tomcat/9.0.65]
2022-10-17 11:33:36.994  INFO 19324 --- [restartedMain] o.a.c.c.C.[Tomcat].[localhost].[/]       : Initializing Spring embedded WebApplicationContext
2022-10-17 11:33:36.994  INFO 19324 --- [restartedMain] w.s.c.ServletWebServerApplicationContext : Root WebApplicationContext: initialization completed in 1875 ms
2022-10-17 11:33:37.269  INFO 19324 --- [restartedMain] o.f.c.internal.license.VersionPrinter    : Flyway Community Edition 8.5.13 by Redgate
2022-10-17 11:33:37.269  INFO 19324 --- [restartedMain] o.f.c.internal.license.VersionPrinter    : See what's new here: https://flywaydb.org/documentation/learnmore/releaseNotes#8.5.13
2022-10-17 11:33:37.269  INFO 19324 --- [restartedMain] o.f.c.internal.license.VersionPrinter    : 
2022-10-17 11:33:37.278  INFO 19324 --- [restartedMain] com.zaxxer.hikari.HikariDataSource       : HikariPool-1 - Starting...
2022-10-17 11:33:37.657  INFO 19324 --- [restartedMain] com.zaxxer.hikari.HikariDataSource       : HikariPool-1 - Start completed.
2022-10-17 11:33:37.688  INFO 19324 --- [restartedMain] o.f.c.i.database.base.BaseDatabaseType   : Database: jdbc:mysql://localhost:3306/spring_demo (MySQL 8.0)
2022-10-17 11:33:37.886  INFO 19324 --- [restartedMain] o.f.core.internal.command.DbValidate     : Successfully validated 2 migrations (execution time 00:00.078s)
2022-10-17 11:33:37.903  INFO 19324 --- [restartedMain] o.f.core.internal.command.DbMigrate      : Current version of schema `spring_demo`: 0.0.2
2022-10-17 11:33:37.904  INFO 19324 --- [restartedMain] o.f.core.internal.command.DbMigrate      : Schema `spring_demo` is up to date. No migration necessary.
2022-10-17 11:33:38.018  INFO 19324 --- [restartedMain] o.hibernate.jpa.internal.util.LogHelper  : HHH000204: Processing PersistenceUnitInfo [name: default]
2022-10-17 11:33:38.075  INFO 19324 --- [restartedMain] org.hibernate.Version                    : HHH000412: Hibernate ORM core version 5.6.11.Final
2022-10-17 11:33:38.251  INFO 19324 --- [restartedMain] o.hibernate.annotations.common.Version   : HCANN000001: Hibernate Commons Annotations {5.1.2.Final}
2022-10-17 11:33:38.403  INFO 19324 --- [restartedMain] org.hibernate.dialect.Dialect            : HHH000400: Using dialect: org.hibernate.dialect.MySQL8Dialect
2022-10-17 11:33:38.935  INFO 19324 --- [restartedMain] o.h.e.t.j.p.i.JtaPlatformInitiator       : HHH000490: Using JtaPlatform implementation: [org.hibernate.engine.transaction.jta.platform.internal.NoJtaPlatform]
2022-10-17 11:33:38.941  INFO 19324 --- [restartedMain] j.LocalContainerEntityManagerFactoryBean : Initialized JPA EntityManagerFactory for persistence unit 'default'
2022-10-17 11:33:39.368  WARN 19324 --- [restartedMain] JpaBaseConfiguration$JpaWebConfiguration : spring.jpa.open-in-view is enabled by default. Therefore, database queries may be performed during view rendering. Explicitly configure spring.jpa.open-in-view to disable this warning
2022-10-17 11:33:39.779  INFO 19324 --- [restartedMain] o.s.s.web.DefaultSecurityFilterChain     : Will secure any request with [org.springframework.security.web.session.DisableEncodeUrlFilter@e43e51b, org.springframework.security.web.context.request.async.WebAsyncManagerIntegrationFilter@3d523b95, org.springframework.security.web.context.SecurityContextPersistenceFilter@54801437, org.springframework.security.web.header.HeaderWriterFilter@63191f96, org.springframework.security.web.authentication.logout.LogoutFilter@847362a, org.springframework.security.web.authentication.UsernamePasswordAuthenticationFilter@6b521e7e, org.springframework.security.web.savedrequest.RequestCacheAwareFilter@4857a59f, org.springframework.security.web.servletapi.SecurityContextHolderAwareRequestFilter@19e93176, org.springframework.security.web.authentication.rememberme.RememberMeAuthenticationFilter@1c047143, org.springframework.security.web.authentication.AnonymousAuthenticationFilter@27064166, org.springframework.security.web.session.SessionManagementFilter@7ddeab08, org.springframework.security.web.access.ExceptionTranslationFilter@5cfe0c17, org.springframework.security.web.access.intercept.FilterSecurityInterceptor@28a8ae2]
2022-10-17 11:33:40.151  INFO 19324 --- [restartedMain] o.s.b.d.a.OptionalLiveReloadServer       : LiveReload server is running on port 35729
2022-10-17 11:33:40.157  INFO 19324 --- [restartedMain] o.s.b.a.e.web.EndpointLinksResolver      : Exposing 1 endpoint(s) beneath base path '/actuator'
2022-10-17 11:33:40.230  INFO 19324 --- [restartedMain] o.s.b.w.embedded.tomcat.TomcatWebServer  : Tomcat started on port(s): 8090 (http) with context path ''
2022-10-17 11:33:40.245  INFO 19324 --- [restartedMain] c.e.l.LoginRetgisterApplication          : Started LoginRetgisterApplication in 5.497 seconds (JVM running for 6.505)
2022-10-17 11:33:40.539  INFO 19324 --- [RMI TCP Connection(3)-192.168.1.16] o.a.c.c.C.[Tomcat].[localhost].[/]       : Initializing Spring DispatcherServlet 'dispatcherServlet'
2022-10-17 11:33:40.539  INFO 19324 --- [RMI TCP Connection(3)-192.168.1.16] o.s.web.servlet.DispatcherServlet        : Initializing Servlet 'dispatcherServlet'
2022-10-17 11:33:40.540  INFO 19324 --- [RMI TCP Connection(3)-192.168.1.16] o.s.web.servlet.DispatcherServlet        : Completed initialization in 1 ms
2022-10-17 11:34:19.803  WARN 19324 --- [http-nio-8090-exec-1] o.s.web.servlet.PageNotFound             : No mapping for POST /user/logout
2022-10-17 11:34:48.099  INFO 19324 --- [SpringApplicationShutdownHook] j.LocalContainerEntityManagerFactoryBean : Closing JPA EntityManagerFactory for persistence unit 'default'
2022-10-17 11:34:48.106  INFO 19324 --- [SpringApplicationShutdownHook] com.zaxxer.hikari.HikariDataSource       : HikariPool-1 - Shutdown initiated...
2022-10-17 11:34:48.118  INFO 19324 --- [SpringApplicationShutdownHook] com.zaxxer.hikari.HikariDataSource       : HikariPool-1 - Shutdown completed.
2022-10-17 11:34:50.858  INFO 1956 --- [restartedMain] c.e.l.LoginRetgisterApplication          : Starting LoginRetgisterApplication using Java 17.0.2 on DESKTOP-QB5QB4L with PID 1956 (C:\Users\Admin\IdeaProjects\login_retgister\target\classes started by Admin in C:\Users\Admin\IdeaProjects\login_retgister)
2022-10-17 11:34:50.859  INFO 1956 --- [restartedMain] c.e.l.LoginRetgisterApplication          : No active profile set, falling back to 1 default profile: "default"
2022-10-17 11:34:50.895  INFO 1956 --- [restartedMain] .e.DevToolsPropertyDefaultsPostProcessor : Devtools property defaults active! Set 'spring.devtools.add-properties' to 'false' to disable
2022-10-17 11:34:50.896  INFO 1956 --- [restartedMain] .e.DevToolsPropertyDefaultsPostProcessor : For additional web related logging consider setting the 'logging.level.web' property to 'DEBUG'
2022-10-17 11:34:51.569  INFO 1956 --- [restartedMain] .s.d.r.c.RepositoryConfigurationDelegate : Bootstrapping Spring Data JPA repositories in DEFAULT mode.
2022-10-17 11:34:51.617  INFO 1956 --- [restartedMain] .s.d.r.c.RepositoryConfigurationDelegate : Finished Spring Data repository scanning in 43 ms. Found 4 JPA repository interfaces.
2022-10-17 11:34:52.116  INFO 1956 --- [restartedMain] o.s.b.w.embedded.tomcat.TomcatWebServer  : Tomcat initialized with port(s): 8090 (http)
2022-10-17 11:34:52.123  INFO 1956 --- [restartedMain] o.apache.catalina.core.StandardService   : Starting service [Tomcat]
2022-10-17 11:34:52.124  INFO 1956 --- [restartedMain] org.apache.catalina.core.StandardEngine  : Starting Servlet engine: [Apache Tomcat/9.0.65]
2022-10-17 11:34:52.183  INFO 1956 --- [restartedMain] o.a.c.c.C.[Tomcat].[localhost].[/]       : Initializing Spring embedded WebApplicationContext
2022-10-17 11:34:52.183  INFO 1956 --- [restartedMain] w.s.c.ServletWebServerApplicationContext : Root WebApplicationContext: initialization completed in 1287 ms
2022-10-17 11:34:52.353  WARN 1956 --- [restartedMain] o.a.c.c.C.[Tomcat].[localhost].[/]       : Cannot deserialize session attribute [SPRING_SECURITY_CONTEXT] for session [6DA62ADA73181ADCB47B604BDAA2C866]
2022-10-17 11:34:52.430  INFO 1956 --- [restartedMain] o.f.c.internal.license.VersionPrinter    : Flyway Community Edition 8.5.13 by Redgate
2022-10-17 11:34:52.430  INFO 1956 --- [restartedMain] o.f.c.internal.license.VersionPrinter    : See what's new here: https://flywaydb.org/documentation/learnmore/releaseNotes#8.5.13
2022-10-17 11:34:52.430  INFO 1956 --- [restartedMain] o.f.c.internal.license.VersionPrinter    : 
2022-10-17 11:34:52.437  INFO 1956 --- [restartedMain] com.zaxxer.hikari.HikariDataSource       : HikariPool-1 - Starting...
2022-10-17 11:34:52.759  INFO 1956 --- [restartedMain] com.zaxxer.hikari.HikariDataSource       : HikariPool-1 - Start completed.
2022-10-17 11:34:52.786  INFO 1956 --- [restartedMain] o.f.c.i.database.base.BaseDatabaseType   : Database: jdbc:mysql://localhost:3306/spring_demo (MySQL 8.0)
2022-10-17 11:34:52.825  INFO 1956 --- [restartedMain] o.f.core.internal.command.DbValidate     : Successfully validated 2 migrations (execution time 00:00.018s)
2022-10-17 11:34:52.836  INFO 1956 --- [restartedMain] o.f.core.internal.command.DbMigrate      : Current version of schema `spring_demo`: 0.0.2
2022-10-17 11:34:52.836  INFO 1956 --- [restartedMain] o.f.core.internal.command.DbMigrate      : Schema `spring_demo` is up to date. No migration necessary.
2022-10-17 11:34:52.942  INFO 1956 --- [restartedMain] o.hibernate.jpa.internal.util.LogHelper  : HHH000204: Processing PersistenceUnitInfo [name: default]
2022-10-17 11:34:53.013  INFO 1956 --- [restartedMain] org.hibernate.Version                    : HHH000412: Hibernate ORM core version 5.6.11.Final
2022-10-17 11:34:53.170  INFO 1956 --- [restartedMain] o.hibernate.annotations.common.Version   : HCANN000001: Hibernate Commons Annotations {5.1.2.Final}
2022-10-17 11:34:53.277  INFO 1956 --- [restartedMain] org.hibernate.dialect.Dialect            : HHH000400: Using dialect: org.hibernate.dialect.MySQL8Dialect
2022-10-17 11:34:53.779  INFO 1956 --- [restartedMain] o.h.e.t.j.p.i.JtaPlatformInitiator       : HHH000490: Using JtaPlatform implementation: [org.hibernate.engine.transaction.jta.platform.internal.NoJtaPlatform]
2022-10-17 11:34:53.786  INFO 1956 --- [restartedMain] j.LocalContainerEntityManagerFactoryBean : Initialized JPA EntityManagerFactory for persistence unit 'default'
2022-10-17 11:34:54.171  WARN 1956 --- [restartedMain] JpaBaseConfiguration$JpaWebConfiguration : spring.jpa.open-in-view is enabled by default. Therefore, database queries may be performed during view rendering. Explicitly configure spring.jpa.open-in-view to disable this warning
2022-10-17 11:34:54.546  INFO 1956 --- [restartedMain] o.s.s.web.DefaultSecurityFilterChain     : Will secure any request with [org.springframework.security.web.session.DisableEncodeUrlFilter@4d5890bf, org.springframework.security.web.context.request.async.WebAsyncManagerIntegrationFilter@583faa55, org.springframework.security.web.context.SecurityContextPersistenceFilter@3b8ff69d, org.springframework.security.web.header.HeaderWriterFilter@68c7c683, org.springframework.security.web.authentication.logout.LogoutFilter@24c199f4, org.springframework.security.web.authentication.UsernamePasswordAuthenticationFilter@2745ef16, org.springframework.security.web.savedrequest.RequestCacheAwareFilter@32a05ab3, org.springframework.security.web.servletapi.SecurityContextHolderAwareRequestFilter@7100b65d, org.springframework.security.web.authentication.rememberme.RememberMeAuthenticationFilter@6c8d5459, org.springframework.security.web.authentication.AnonymousAuthenticationFilter@6ebb1ceb, org.springframework.security.web.session.SessionManagementFilter@28932680, org.springframework.security.web.access.ExceptionTranslationFilter@335d6a7a, org.springframework.security.web.access.intercept.FilterSecurityInterceptor@667db0a8]
2022-10-17 11:34:54.875  INFO 1956 --- [restartedMain] o.s.b.d.a.OptionalLiveReloadServer       : LiveReload server is running on port 35729
2022-10-17 11:34:54.880  INFO 1956 --- [restartedMain] o.s.b.a.e.web.EndpointLinksResolver      : Exposing 1 endpoint(s) beneath base path '/actuator'
2022-10-17 11:34:54.932  INFO 1956 --- [restartedMain] o.s.b.w.embedded.tomcat.TomcatWebServer  : Tomcat started on port(s): 8090 (http) with context path ''
2022-10-17 11:34:54.946  INFO 1956 --- [restartedMain] c.e.l.LoginRetgisterApplication          : Started LoginRetgisterApplication in 4.396 seconds (JVM running for 5.075)
2022-10-17 11:34:55.068  INFO 1956 --- [RMI TCP Connection(3)-192.168.1.16] o.a.c.c.C.[Tomcat].[localhost].[/]       : Initializing Spring DispatcherServlet 'dispatcherServlet'
2022-10-17 11:34:55.068  INFO 1956 --- [RMI TCP Connection(3)-192.168.1.16] o.s.web.servlet.DispatcherServlet        : Initializing Servlet 'dispatcherServlet'
2022-10-17 11:34:55.069  INFO 1956 --- [RMI TCP Connection(3)-192.168.1.16] o.s.web.servlet.DispatcherServlet        : Completed initialization in 0 ms
2022-10-17 11:37:29.621  INFO 1956 --- [SpringApplicationShutdownHook] j.LocalContainerEntityManagerFactoryBean : Closing JPA EntityManagerFactory for persistence unit 'default'
2022-10-17 11:37:29.638  INFO 1956 --- [SpringApplicationShutdownHook] com.zaxxer.hikari.HikariDataSource       : HikariPool-1 - Shutdown initiated...
2022-10-17 11:37:29.687  INFO 1956 --- [SpringApplicationShutdownHook] com.zaxxer.hikari.HikariDataSource       : HikariPool-1 - Shutdown completed.
2022-10-17 11:37:32.535  INFO 18276 --- [restartedMain] c.e.l.LoginRetgisterApplication          : Starting LoginRetgisterApplication using Java 17.0.2 on DESKTOP-QB5QB4L with PID 18276 (C:\Users\Admin\IdeaProjects\login_retgister\target\classes started by Admin in C:\Users\Admin\IdeaProjects\login_retgister)
2022-10-17 11:37:32.537  INFO 18276 --- [restartedMain] c.e.l.LoginRetgisterApplication          : No active profile set, falling back to 1 default profile: "default"
2022-10-17 11:37:32.574  INFO 18276 --- [restartedMain] .e.DevToolsPropertyDefaultsPostProcessor : Devtools property defaults active! Set 'spring.devtools.add-properties' to 'false' to disable
2022-10-17 11:37:32.574  INFO 18276 --- [restartedMain] .e.DevToolsPropertyDefaultsPostProcessor : For additional web related logging consider setting the 'logging.level.web' property to 'DEBUG'
2022-10-17 11:37:33.342  INFO 18276 --- [restartedMain] .s.d.r.c.RepositoryConfigurationDelegate : Bootstrapping Spring Data JPA repositories in DEFAULT mode.
2022-10-17 11:37:33.403  INFO 18276 --- [restartedMain] .s.d.r.c.RepositoryConfigurationDelegate : Finished Spring Data repository scanning in 52 ms. Found 4 JPA repository interfaces.
2022-10-17 11:37:33.916  INFO 18276 --- [restartedMain] o.s.b.w.embedded.tomcat.TomcatWebServer  : Tomcat initialized with port(s): 8090 (http)
2022-10-17 11:37:33.924  INFO 18276 --- [restartedMain] o.apache.catalina.core.StandardService   : Starting service [Tomcat]
2022-10-17 11:37:33.925  INFO 18276 --- [restartedMain] org.apache.catalina.core.StandardEngine  : Starting Servlet engine: [Apache Tomcat/9.0.65]
2022-10-17 11:37:33.984  INFO 18276 --- [restartedMain] o.a.c.c.C.[Tomcat].[localhost].[/]       : Initializing Spring embedded WebApplicationContext
2022-10-17 11:37:33.984  INFO 18276 --- [restartedMain] w.s.c.ServletWebServerApplicationContext : Root WebApplicationContext: initialization completed in 1410 ms
2022-10-17 11:37:34.205  INFO 18276 --- [restartedMain] o.f.c.internal.license.VersionPrinter    : Flyway Community Edition 8.5.13 by Redgate
2022-10-17 11:37:34.206  INFO 18276 --- [restartedMain] o.f.c.internal.license.VersionPrinter    : See what's new here: https://flywaydb.org/documentation/learnmore/releaseNotes#8.5.13
2022-10-17 11:37:34.206  INFO 18276 --- [restartedMain] o.f.c.internal.license.VersionPrinter    : 
2022-10-17 11:37:34.213  INFO 18276 --- [restartedMain] com.zaxxer.hikari.HikariDataSource       : HikariPool-1 - Starting...
2022-10-17 11:37:34.551  INFO 18276 --- [restartedMain] com.zaxxer.hikari.HikariDataSource       : HikariPool-1 - Start completed.
2022-10-17 11:37:34.579  INFO 18276 --- [restartedMain] o.f.c.i.database.base.BaseDatabaseType   : Database: jdbc:mysql://localhost:3306/spring_demo (MySQL 8.0)
2022-10-17 11:37:34.642  INFO 18276 --- [restartedMain] o.f.core.internal.command.DbValidate     : Successfully validated 2 migrations (execution time 00:00.021s)
2022-10-17 11:37:34.652  INFO 18276 --- [restartedMain] o.f.core.internal.command.DbMigrate      : Current version of schema `spring_demo`: 0.0.2
2022-10-17 11:37:34.653  INFO 18276 --- [restartedMain] o.f.core.internal.command.DbMigrate      : Schema `spring_demo` is up to date. No migration necessary.
2022-10-17 11:37:34.779  INFO 18276 --- [restartedMain] o.hibernate.jpa.internal.util.LogHelper  : HHH000204: Processing PersistenceUnitInfo [name: default]
2022-10-17 11:37:34.844  INFO 18276 --- [restartedMain] org.hibernate.Version                    : HHH000412: Hibernate ORM core version 5.6.11.Final
2022-10-17 11:37:34.994  INFO 18276 --- [restartedMain] o.hibernate.annotations.common.Version   : HCANN000001: Hibernate Commons Annotations {5.1.2.Final}
2022-10-17 11:37:35.110  INFO 18276 --- [restartedMain] org.hibernate.dialect.Dialect            : HHH000400: Using dialect: org.hibernate.dialect.MySQL8Dialect
2022-10-17 11:37:35.634  INFO 18276 --- [restartedMain] o.h.e.t.j.p.i.JtaPlatformInitiator       : HHH000490: Using JtaPlatform implementation: [org.hibernate.engine.transaction.jta.platform.internal.NoJtaPlatform]
2022-10-17 11:37:35.640  INFO 18276 --- [restartedMain] j.LocalContainerEntityManagerFactoryBean : Initialized JPA EntityManagerFactory for persistence unit 'default'
2022-10-17 11:37:36.029  WARN 18276 --- [restartedMain] JpaBaseConfiguration$JpaWebConfiguration : spring.jpa.open-in-view is enabled by default. Therefore, database queries may be performed during view rendering. Explicitly configure spring.jpa.open-in-view to disable this warning
2022-10-17 11:37:36.382  INFO 18276 --- [restartedMain] o.s.s.web.DefaultSecurityFilterChain     : Will secure any request with [org.springframework.security.web.session.DisableEncodeUrlFilter@75189a39, org.springframework.security.web.context.request.async.WebAsyncManagerIntegrationFilter@31e7b119, org.springframework.security.web.context.SecurityContextPersistenceFilter@7c4bca43, org.springframework.security.web.header.HeaderWriterFilter@49785752, org.springframework.security.web.authentication.logout.LogoutFilter@545910c3, org.springframework.security.web.authentication.UsernamePasswordAuthenticationFilter@28932680, org.springframework.security.web.savedrequest.RequestCacheAwareFilter@18f35615, org.springframework.security.web.servletapi.SecurityContextHolderAwareRequestFilter@20f32340, org.springframework.security.web.authentication.rememberme.RememberMeAuthenticationFilter@67f41177, org.springframework.security.web.authentication.AnonymousAuthenticationFilter@70bd8c5f, org.springframework.security.web.session.SessionManagementFilter@4b511e2a, org.springframework.security.web.access.ExceptionTranslationFilter@58cd620e, org.springframework.security.web.access.intercept.FilterSecurityInterceptor@70c58c58]
2022-10-17 11:37:36.688  INFO 18276 --- [restartedMain] o.s.b.d.a.OptionalLiveReloadServer       : LiveReload server is running on port 35729
2022-10-17 11:37:36.693  INFO 18276 --- [restartedMain] o.s.b.a.e.web.EndpointLinksResolver      : Exposing 1 endpoint(s) beneath base path '/actuator'
2022-10-17 11:37:36.740  INFO 18276 --- [restartedMain] o.s.b.w.embedded.tomcat.TomcatWebServer  : Tomcat started on port(s): 8090 (http) with context path ''
2022-10-17 11:37:36.754  INFO 18276 --- [restartedMain] c.e.l.LoginRetgisterApplication          : Started LoginRetgisterApplication in 4.51 seconds (JVM running for 5.109)
2022-10-17 11:37:36.847  INFO 18276 --- [RMI TCP Connection(1)-192.168.1.16] o.a.c.c.C.[Tomcat].[localhost].[/]       : Initializing Spring DispatcherServlet 'dispatcherServlet'
2022-10-17 11:37:36.847  INFO 18276 --- [RMI TCP Connection(1)-192.168.1.16] o.s.web.servlet.DispatcherServlet        : Initializing Servlet 'dispatcherServlet'
2022-10-17 11:37:36.849  INFO 18276 --- [RMI TCP Connection(1)-192.168.1.16] o.s.web.servlet.DispatcherServlet        : Completed initialization in 1 ms
